2024-06-02 18:47:55,426 [INFO ] Random seed set as 1
2024-06-02 18:47:55,427 [INFO ] Retrieving data
2024-06-02 19:45:11,940 [INFO ] Random seed set as 1
2024-06-02 19:45:11,940 [INFO ] Retrieving data
2024-06-02 19:45:43,155 [INFO ] Random seed set as 1
2024-06-02 19:45:43,155 [INFO ] Retrieving data
2024-06-02 19:46:08,893 [INFO ] Available Edge Features: ['EdgeID', 'from_id', 'to_id', 'Timestamp', 'Amount Sent', 'Sent Currency', 'Amount Received', 'Received Currency', 'Payment Format', 'Is Laundering']
2024-06-02 19:48:44,403 [INFO ] Illicit ratio = 3565 / 6924049 = 0.05%
2024-06-02 19:57:20,937 [INFO ] Number of nodes (holdings doing transcations) = 705907
2024-06-02 19:57:23,097 [INFO ] Number of transactions = 6924049
2024-06-02 19:57:30,383 [INFO ] Edge features being used: ['Timestamp', 'Amount Received', 'Received Currency', 'Payment Format']
2024-06-02 19:57:32,045 [INFO ] Node features being used: ['Feature'] ("Feature" is a placeholder feature of all 1s)
2024-06-02 19:58:52,869 [INFO ] number of days and transactions in the data: 17 days, 6924049 transactions
2024-06-02 20:03:43,199 [INFO ] Calculate split: [[0, 1, 2, 3, 4, 5], [6, 7], [8, 9, 10, 11, 12, 13, 14, 15, 16]]
2024-06-02 20:04:09,642 [INFO ] Total train samples: 64.02% || IR: 0.04% || Train days: [0, 1, 2, 3, 4]
2024-06-02 20:04:09,646 [INFO ] Total val samples: 19.01% || IR: 0.06% || Val days: [6, 7]
2024-06-02 20:04:09,649 [INFO ] Total test samples: 16.97% || IR: 0.07% || Test days: [8, 9, 10, 11, 12]
2024-06-02 20:05:49,092 [INFO ] train data object: GraphData(x=[705907, 1], edge_index=[2, 4432934], edge_attr=[4432934, 4], y=[4432934], readout='edge', loss_fn='ce', num_nodes=705907, timestamps=[4432934])
2024-06-02 20:05:49,780 [INFO ] validation data object: GraphData(x=[705907, 1], edge_index=[2, 5749376], edge_attr=[5749376, 4], y=[5749376], readout='edge', loss_fn='ce', num_nodes=705907, timestamps=[5749376])
2024-06-02 20:05:50,277 [INFO ] test data object: GraphData(x=[705907, 1], edge_index=[2, 6924049], edge_attr=[6924049, 4], y=[6924049], readout='edge', loss_fn='ce', num_nodes=705907, timestamps=[6924049])
2024-06-02 20:06:42,222 [INFO ] Retrieved data in 1257.99s
2024-06-02 20:06:43,429 [INFO ] Running Training
2024-06-02 20:06:53,988 [INFO ] Random seed set as 1
2024-06-02 20:06:53,988 [INFO ] Retrieving data
2024-06-02 20:06:58,733 [INFO ] Available Edge Features: ['EdgeID', 'from_id', 'to_id', 'Timestamp', 'Amount Sent', 'Sent Currency', 'Amount Received', 'Received Currency', 'Payment Format', 'Is Laundering']
2024-06-02 20:07:26,373 [INFO ] Illicit ratio = 3565 / 6924049 = 0.05%
2024-06-02 20:07:26,374 [INFO ] Number of nodes (holdings doing transcations) = 705907
2024-06-02 20:07:26,374 [INFO ] Number of transactions = 6924049
2024-06-02 20:07:26,374 [INFO ] Edge features being used: ['Timestamp', 'Amount Received', 'Received Currency', 'Payment Format']
2024-06-02 20:07:26,374 [INFO ] Node features being used: ['Feature'] ("Feature" is a placeholder feature of all 1s)
2024-06-02 20:07:26,457 [INFO ] number of days and transactions in the data: 17 days, 6924049 transactions
2024-06-02 20:07:26,551 [INFO ] Calculate split: [[0, 1, 2, 3, 4, 5], [6, 7], [8, 9, 10, 11, 12, 13, 14, 15, 16]]
2024-06-02 20:07:26,561 [INFO ] Total train samples: 64.02% || IR: 0.04% || Train days: [0, 1, 2, 3, 4]
2024-06-02 20:07:26,562 [INFO ] Total val samples: 19.01% || IR: 0.06% || Val days: [6, 7]
2024-06-02 20:07:26,564 [INFO ] Total test samples: 16.97% || IR: 0.07% || Test days: [8, 9, 10, 11, 12]
2024-06-02 20:07:26,780 [INFO ] train data object: GraphData(x=[705907, 1], edge_index=[2, 4432934], edge_attr=[4432934, 4], y=[4432934], readout='edge', loss_fn='ce', num_nodes=705907, timestamps=[4432934])
2024-06-02 20:07:26,780 [INFO ] validation data object: GraphData(x=[705907, 1], edge_index=[2, 5749376], edge_attr=[5749376, 4], y=[5749376], readout='edge', loss_fn='ce', num_nodes=705907, timestamps=[5749376])
2024-06-02 20:07:26,780 [INFO ] test data object: GraphData(x=[705907, 1], edge_index=[2, 6924049], edge_attr=[6924049, 4], y=[6924049], readout='edge', loss_fn='ce', num_nodes=705907, timestamps=[6924049])
2024-06-02 20:07:26,781 [INFO ] Retrieved data in 32.79s
2024-06-02 20:20:18,647 [INFO ] Running Training
2024-06-02 20:21:00,342 [INFO ] Random seed set as 1
2024-06-02 20:21:00,343 [INFO ] Retrieving data
2024-06-02 20:21:06,416 [INFO ] Available Edge Features: ['EdgeID', 'from_id', 'to_id', 'Timestamp', 'Amount Sent', 'Sent Currency', 'Amount Received', 'Received Currency', 'Payment Format', 'Is Laundering']
2024-06-02 20:21:49,820 [INFO ] Illicit ratio = 3565 / 6924049 = 0.05%
2024-06-02 20:21:49,821 [INFO ] Number of nodes (holdings doing transcations) = 705907
2024-06-02 20:21:49,821 [INFO ] Number of transactions = 6924049
2024-06-02 20:21:49,821 [INFO ] Edge features being used: ['Timestamp', 'Amount Received', 'Received Currency', 'Payment Format']
2024-06-02 20:21:49,821 [INFO ] Node features being used: ['Feature'] ("Feature" is a placeholder feature of all 1s)
2024-06-02 20:21:49,931 [INFO ] number of days and transactions in the data: 17 days, 6924049 transactions
2024-06-02 20:21:50,022 [INFO ] Calculate split: [[0, 1, 2, 3, 4, 5], [6, 7], [8, 9, 10, 11, 12, 13, 14, 15, 16]]
2024-06-02 20:21:50,034 [INFO ] Total train samples: 64.02% || IR: 0.04% || Train days: [0, 1, 2, 3, 4]
2024-06-02 20:21:50,036 [INFO ] Total val samples: 19.01% || IR: 0.06% || Val days: [6, 7]
2024-06-02 20:21:50,038 [INFO ] Total test samples: 16.97% || IR: 0.07% || Test days: [8, 9, 10, 11, 12]
2024-06-02 20:21:50,248 [INFO ] train data object: GraphData(x=[705907, 1], edge_index=[2, 4432934], edge_attr=[4432934, 4], y=[4432934], readout='edge', loss_fn='ce', num_nodes=705907, timestamps=[4432934])
2024-06-02 20:21:50,249 [INFO ] validation data object: GraphData(x=[705907, 1], edge_index=[2, 5749376], edge_attr=[5749376, 4], y=[5749376], readout='edge', loss_fn='ce', num_nodes=705907, timestamps=[5749376])
2024-06-02 20:21:50,249 [INFO ] test data object: GraphData(x=[705907, 1], edge_index=[2, 6924049], edge_attr=[6924049, 4], y=[6924049], readout='edge', loss_fn='ce', num_nodes=705907, timestamps=[6924049])
2024-06-02 20:21:50,250 [INFO ] Retrieved data in 49.91s
2024-06-02 20:21:53,298 [INFO ] Running Training
2024-06-02 20:43:37,076 [INFO ] Random seed set as 1
2024-06-02 20:43:37,076 [INFO ] Retrieving data
2024-06-02 20:43:39,917 [INFO ] Available Edge Features: ['EdgeID', 'from_id', 'to_id', 'Timestamp', 'Amount Received', 'Received Currency', 'Payment Format', 'Is Laundering']
2024-06-02 20:43:40,007 [INFO ] Illicit ratio = 325 / 7814 = 4.16%
2024-06-02 20:43:40,007 [INFO ] Number of nodes (holdings doing transcations) = 101
2024-06-02 20:43:40,007 [INFO ] Number of transactions = 7814
2024-06-02 20:43:40,007 [INFO ] Edge features being used: ['Timestamp', 'Amount Received', 'Received Currency', 'Payment Format']
2024-06-02 20:43:40,007 [INFO ] Node features being used: ['Feature'] ("Feature" is a placeholder feature of all 1s)
2024-06-02 20:43:40,012 [INFO ] number of days and transactions in the data: 187 days, 7814 transactions
2024-06-02 20:43:40,561 [INFO ] Calculate split: [[0, 1, 2, 3, 4, 5, 6, 7, 8, 9, 10, 11, 12, 13, 14, 15, 16, 17, 18, 19, 20, 21, 22, 23, 24, 25, 26, 27, 28, 29, 30, 31, 32, 33, 34, 35, 36, 37, 38, 39, 40, 41, 42, 43, 44, 45, 46, 47, 48, 49, 50, 51, 52, 53, 54, 55, 56, 57, 58, 59, 60, 61, 62, 63, 64, 65, 66, 67, 68, 69, 70, 71, 72, 73, 74, 75, 76, 77, 78, 79, 80, 81, 82, 83, 84, 85, 86, 87, 88, 89, 90, 91, 92, 93, 94, 95, 96, 97, 98, 99, 100, 101, 102, 103, 104, 105, 106, 107, 108, 109, 110, 111, 112, 113, 114, 115, 116, 117, 118, 119, 120, 121, 122], [123, 124, 125, 126, 127, 128, 129, 130, 131, 132, 133, 134, 135, 136, 137, 138, 139, 140, 141, 142, 143, 144, 145, 146, 147, 148, 149, 150], [151, 152, 153, 154, 155, 156, 157, 158, 159, 160, 161, 162, 163, 164, 165, 166, 167, 168, 169, 170, 171, 172, 173, 174, 175, 176, 177, 178, 179, 180, 181, 182, 183, 184, 185, 186]]
2024-06-02 20:43:40,564 [INFO ] Total train samples: 59.93% || IR: 3.99% || Train days: [0, 1, 2, 3, 4]
2024-06-02 20:43:40,565 [INFO ] Total val samples: 19.75% || IR: 3.43% || Val days: [123, 124, 125, 126, 127]
2024-06-02 20:43:40,565 [INFO ] Total test samples: 20.32% || IR: 5.35% || Test days: [151, 152, 153, 154, 155]
2024-06-02 20:43:40,570 [INFO ] train data object: GraphData(x=[101, 1], edge_index=[2, 4683], edge_attr=[4683, 4], y=[4683], readout='edge', loss_fn='ce', num_nodes=101, timestamps=[4683])
2024-06-02 20:43:40,570 [INFO ] validation data object: GraphData(x=[101, 1], edge_index=[2, 6226], edge_attr=[6226, 4], y=[6226], readout='edge', loss_fn='ce', num_nodes=101, timestamps=[6226])
2024-06-02 20:43:40,570 [INFO ] test data object: GraphData(x=[101, 1], edge_index=[2, 7814], edge_attr=[7814, 4], y=[7814], readout='edge', loss_fn='ce', num_nodes=101, timestamps=[7814])
2024-06-02 20:43:40,571 [INFO ] Retrieved data in 3.49s
2024-06-02 20:43:43,354 [INFO ] Running Training
2024-06-02 20:43:54,384 [INFO ] +---------------------------------+---------------------------------+----------------+----------+
| Layer                           | Input Shape                     | Output Shape   | #Param   |
|---------------------------------+---------------------------------+----------------+----------|
| PNA                             | [90, 1], [2, 2446], [2446, 4]   | [2446, 2]      | 28,917   |
| ├─(node_emb)Linear              | [90, 1]                         | [90, 20]       | 40       |
| ├─(edge_emb)Linear              | [2446, 4]                       | [2446, 20]     | 100      |
| ├─(convs)ModuleList             | --                              | --             | 24,320   |
| │    └─(0)PNAConv               | [90, 20], [2, 2446], [2446, 20] | [90, 20]       | 12,160   |
| │    └─(1)PNAConv               | [90, 20], [2, 2446], [2446, 20] | [90, 20]       | 12,160   |
| ├─(emlps)ModuleList             | --                              | --             | --       |
| ├─(batch_norms)ModuleList       | --                              | --             | 80       |
| │    └─(0)BatchNorm             | [90, 20]                        | [90, 20]       | 40       |
| │    │    └─(module)BatchNorm1d | [90, 20]                        | [90, 20]       | 40       |
| │    └─(1)BatchNorm             | [90, 20]                        | [90, 20]       | 40       |
| │    │    └─(module)BatchNorm1d | [90, 20]                        | [90, 20]       | 40       |
| ├─(mlp)Sequential               | [2446, 60]                      | [2446, 2]      | 4,377    |
| │    └─(0)Linear                | [2446, 60]                      | [2446, 50]     | 3,050    |
| │    └─(1)ReLU                  | [2446, 50]                      | [2446, 50]     | --       |
| │    └─(2)Dropout               | [2446, 50]                      | [2446, 50]     | --       |
| │    └─(3)Linear                | [2446, 50]                      | [2446, 25]     | 1,275    |
| │    └─(4)ReLU                  | [2446, 25]                      | [2446, 25]     | --       |
| │    └─(5)Dropout               | [2446, 25]                      | [2446, 25]     | --       |
| │    └─(6)Linear                | [2446, 25]                      | [2446, 2]      | 52       |
+---------------------------------+---------------------------------+----------------+----------+
2024-06-02 20:43:54,478 [INFO ] Train F1: 0.1825
2024-06-02 20:43:54,512 [INFO ] Validation F1: 0.1750
2024-06-02 20:43:54,513 [INFO ] Test F1: 0.2067
2024-06-02 20:43:54,545 [INFO ] Train F1: 0.2350
2024-06-02 20:43:54,592 [INFO ] Validation F1: 0.1729
2024-06-02 20:43:54,592 [INFO ] Test F1: 0.3043
2024-06-02 20:43:54,625 [INFO ] Train F1: 0.2883
2024-06-02 20:43:54,671 [INFO ] Validation F1: 0.1608
2024-06-02 20:43:54,672 [INFO ] Test F1: 0.2765
2024-06-02 20:43:54,704 [INFO ] Train F1: 0.3052
2024-06-02 20:43:54,730 [INFO ] Validation F1: 0.1860
2024-06-02 20:43:54,730 [INFO ] Test F1: 0.3168
2024-06-02 20:43:54,750 [INFO ] Train F1: 0.3466
2024-06-02 20:43:54,778 [INFO ] Validation F1: 0.1699
2024-06-02 20:43:54,779 [INFO ] Test F1: 0.4000
2024-06-02 20:43:54,800 [INFO ] Train F1: 0.3479
2024-06-02 20:43:54,822 [INFO ] Validation F1: 0.2273
2024-06-02 20:43:54,822 [INFO ] Test F1: 0.3804
2024-06-02 20:43:54,841 [INFO ] Train F1: 0.4030
2024-06-02 20:43:54,864 [INFO ] Validation F1: 0.2835
2024-06-02 20:43:54,864 [INFO ] Test F1: 0.4268
2024-06-02 20:43:54,883 [INFO ] Train F1: 0.4243
2024-06-02 20:43:54,925 [INFO ] Validation F1: 0.3423
2024-06-02 20:43:54,925 [INFO ] Test F1: 0.5195
2024-06-02 20:43:54,957 [INFO ] Train F1: 0.3988
2024-06-02 20:43:55,001 [INFO ] Validation F1: 0.2737
2024-06-02 20:43:55,002 [INFO ] Test F1: 0.4895
2024-06-02 20:43:55,034 [INFO ] Train F1: 0.4234
2024-06-02 20:43:55,078 [INFO ] Validation F1: 0.3918
2024-06-02 20:43:55,079 [INFO ] Test F1: 0.5986
2024-06-02 20:43:55,111 [INFO ] Train F1: 0.4373
2024-06-02 20:43:55,158 [INFO ] Validation F1: 0.4000
2024-06-02 20:43:55,158 [INFO ] Test F1: 0.5734
2024-06-02 20:43:55,180 [INFO ] Train F1: 0.4541
2024-06-02 20:43:55,203 [INFO ] Validation F1: 0.4040
2024-06-02 20:43:55,203 [INFO ] Test F1: 0.5517
2024-06-02 20:43:55,222 [INFO ] Train F1: 0.4357
2024-06-02 20:43:55,252 [INFO ] Validation F1: 0.4565
2024-06-02 20:43:55,252 [INFO ] Test F1: 0.6000
2024-06-02 20:43:55,284 [INFO ] Train F1: 0.4489
2024-06-02 20:43:55,318 [INFO ] Validation F1: 0.3956
2024-06-02 20:43:55,318 [INFO ] Test F1: 0.5238
2024-06-02 20:43:55,350 [INFO ] Train F1: 0.4702
2024-06-02 20:43:55,395 [INFO ] Validation F1: 0.4557
2024-06-02 20:43:55,396 [INFO ] Test F1: 0.6015
2024-06-02 20:43:55,427 [INFO ] Train F1: 0.4693
2024-06-02 20:43:55,454 [INFO ] Validation F1: 0.3614
2024-06-02 20:43:55,454 [INFO ] Test F1: 0.6618
2024-06-02 20:43:55,473 [INFO ] Train F1: 0.5149
2024-06-02 20:43:55,502 [INFO ] Validation F1: 0.4250
2024-06-02 20:43:55,502 [INFO ] Test F1: 0.6015
2024-06-02 20:43:55,526 [INFO ] Train F1: 0.4958
2024-06-02 20:43:55,549 [INFO ] Validation F1: 0.4000
2024-06-02 20:43:55,549 [INFO ] Test F1: 0.6560
2024-06-02 20:43:55,568 [INFO ] Train F1: 0.5058
2024-06-02 20:43:55,590 [INFO ] Validation F1: 0.4286
2024-06-02 20:43:55,590 [INFO ] Test F1: 0.6222
2024-06-02 20:43:55,608 [INFO ] Train F1: 0.5152
2024-06-02 20:43:55,630 [INFO ] Validation F1: 0.3765
2024-06-02 20:43:55,630 [INFO ] Test F1: 0.6471
2024-06-02 20:43:55,649 [INFO ] Train F1: 0.5042
2024-06-02 20:43:55,691 [INFO ] Validation F1: 0.4750
2024-06-02 20:43:55,692 [INFO ] Test F1: 0.6667
2024-06-02 20:43:55,724 [INFO ] Train F1: 0.5159
2024-06-02 20:43:55,750 [INFO ] Validation F1: 0.5063
2024-06-02 20:43:55,751 [INFO ] Test F1: 0.6815
2024-06-02 20:43:55,769 [INFO ] Train F1: 0.5401
2024-06-02 20:43:55,793 [INFO ] Validation F1: 0.4634
2024-06-02 20:43:55,793 [INFO ] Test F1: 0.6299
2024-06-02 20:43:55,812 [INFO ] Train F1: 0.5225
2024-06-02 20:43:55,848 [INFO ] Validation F1: 0.5000
2024-06-02 20:43:55,848 [INFO ] Test F1: 0.6963
2024-06-02 20:43:55,866 [INFO ] Train F1: 0.5470
2024-06-02 20:43:55,908 [INFO ] Validation F1: 0.4750
2024-06-02 20:43:55,908 [INFO ] Test F1: 0.6508
2024-06-02 20:43:55,940 [INFO ] Train F1: 0.5622
2024-06-02 20:43:55,966 [INFO ] Validation F1: 0.5517
2024-06-02 20:43:55,966 [INFO ] Test F1: 0.6772
2024-06-02 20:43:55,985 [INFO ] Train F1: 0.5308
2024-06-02 20:43:56,008 [INFO ] Validation F1: 0.5366
2024-06-02 20:43:56,008 [INFO ] Test F1: 0.6567
2024-06-02 20:43:56,027 [INFO ] Train F1: 0.5420
2024-06-02 20:43:56,053 [INFO ] Validation F1: 0.4750
2024-06-02 20:43:56,053 [INFO ] Test F1: 0.6457
2024-06-02 20:43:56,072 [INFO ] Train F1: 0.5241
2024-06-02 20:43:56,095 [INFO ] Validation F1: 0.4872
2024-06-02 20:43:56,095 [INFO ] Test F1: 0.5714
2024-06-02 20:43:56,114 [INFO ] Train F1: 0.5654
2024-06-02 20:43:56,138 [INFO ] Validation F1: 0.4865
2024-06-02 20:43:56,138 [INFO ] Test F1: 0.7218
2024-06-02 20:43:56,156 [INFO ] Train F1: 0.5746
2024-06-02 20:43:56,179 [INFO ] Validation F1: 0.6000
2024-06-02 20:43:56,179 [INFO ] Test F1: 0.7176
2024-06-02 20:43:56,198 [INFO ] Train F1: 0.5614
2024-06-02 20:43:56,221 [INFO ] Validation F1: 0.4675
2024-06-02 20:43:56,221 [INFO ] Test F1: 0.6667
2024-06-02 20:43:56,240 [INFO ] Train F1: 0.5735
2024-06-02 20:43:56,263 [INFO ] Validation F1: 0.4675
2024-06-02 20:43:56,263 [INFO ] Test F1: 0.6917
2024-06-02 20:43:56,281 [INFO ] Train F1: 0.5615
2024-06-02 20:43:56,304 [INFO ] Validation F1: 0.5500
2024-06-02 20:43:56,305 [INFO ] Test F1: 0.7023
2024-06-02 20:43:56,324 [INFO ] Train F1: 0.5784
2024-06-02 20:43:56,347 [INFO ] Validation F1: 0.5432
2024-06-02 20:43:56,347 [INFO ] Test F1: 0.6818
2024-06-02 20:43:56,366 [INFO ] Train F1: 0.5620
2024-06-02 20:43:56,390 [INFO ] Validation F1: 0.4935
2024-06-02 20:43:56,390 [INFO ] Test F1: 0.6870
2024-06-02 20:43:56,410 [INFO ] Train F1: 0.5806
2024-06-02 20:43:56,433 [INFO ] Validation F1: 0.4935
2024-06-02 20:43:56,433 [INFO ] Test F1: 0.6866
2024-06-02 20:43:56,452 [INFO ] Train F1: 0.5945
2024-06-02 20:43:56,475 [INFO ] Validation F1: 0.5750
2024-06-02 20:43:56,475 [INFO ] Test F1: 0.6719
2024-06-02 20:43:56,494 [INFO ] Train F1: 0.5761
2024-06-02 20:43:56,517 [INFO ] Validation F1: 0.5526
2024-06-02 20:43:56,517 [INFO ] Test F1: 0.6299
2024-06-02 20:43:56,536 [INFO ] Train F1: 0.5603
2024-06-02 20:43:56,558 [INFO ] Validation F1: 0.5750
2024-06-02 20:43:56,558 [INFO ] Test F1: 0.6970
2024-06-02 20:43:56,577 [INFO ] Train F1: 0.5761
2024-06-02 20:43:56,600 [INFO ] Validation F1: 0.4932
2024-06-02 20:43:56,601 [INFO ] Test F1: 0.7259
2024-06-02 20:43:56,619 [INFO ] Train F1: 0.6095
2024-06-02 20:43:56,642 [INFO ] Validation F1: 0.5500
2024-06-02 20:43:56,642 [INFO ] Test F1: 0.7188
2024-06-02 20:43:56,661 [INFO ] Train F1: 0.6087
2024-06-02 20:43:56,684 [INFO ] Validation F1: 0.4675
2024-06-02 20:43:56,684 [INFO ] Test F1: 0.7344
2024-06-02 20:43:56,703 [INFO ] Train F1: 0.5945
2024-06-02 20:43:56,727 [INFO ] Validation F1: 0.5195
2024-06-02 20:43:56,727 [INFO ] Test F1: 0.7188
2024-06-02 20:43:56,746 [INFO ] Train F1: 0.6022
2024-06-02 20:43:56,768 [INFO ] Validation F1: 0.5570
2024-06-02 20:43:56,768 [INFO ] Test F1: 0.7500
2024-06-02 20:43:56,787 [INFO ] Train F1: 0.6046
2024-06-02 20:43:56,810 [INFO ] Validation F1: 0.4348
2024-06-02 20:43:56,810 [INFO ] Test F1: 0.7087
2024-06-02 20:43:56,829 [INFO ] Train F1: 0.6074
2024-06-02 20:43:56,852 [INFO ] Validation F1: 0.4533
2024-06-02 20:43:56,852 [INFO ] Test F1: 0.7385
2024-06-02 20:43:56,871 [INFO ] Train F1: 0.6045
2024-06-02 20:43:56,894 [INFO ] Validation F1: 0.5250
2024-06-02 20:43:56,894 [INFO ] Test F1: 0.7164
2024-06-02 20:43:56,913 [INFO ] Train F1: 0.6253
2024-06-02 20:43:56,937 [INFO ] Validation F1: 0.4737
2024-06-02 20:43:56,937 [INFO ] Test F1: 0.7481
2024-06-02 20:43:56,956 [INFO ] Train F1: 0.6300
2024-06-02 20:43:56,979 [INFO ] Validation F1: 0.5263
2024-06-02 20:43:56,979 [INFO ] Test F1: 0.7597
2024-06-02 20:43:56,999 [INFO ] Train F1: 0.5977
2024-06-02 20:43:57,022 [INFO ] Validation F1: 0.5067
2024-06-02 20:43:57,023 [INFO ] Test F1: 0.7660
2024-06-02 20:43:57,041 [INFO ] Train F1: 0.6206
2024-06-02 20:43:57,064 [INFO ] Validation F1: 0.5526
2024-06-02 20:43:57,065 [INFO ] Test F1: 0.7299
2024-06-02 20:43:57,084 [INFO ] Train F1: 0.5985
2024-06-02 20:43:57,106 [INFO ] Validation F1: 0.5000
2024-06-02 20:43:57,107 [INFO ] Test F1: 0.7500
2024-06-02 20:43:57,126 [INFO ] Train F1: 0.6276
2024-06-02 20:43:57,149 [INFO ] Validation F1: 0.5750
2024-06-02 20:43:57,150 [INFO ] Test F1: 0.7244
2024-06-02 20:43:57,168 [INFO ] Train F1: 0.6203
2024-06-02 20:43:57,191 [INFO ] Validation F1: 0.5333
2024-06-02 20:43:57,191 [INFO ] Test F1: 0.7353
2024-06-02 20:43:57,210 [INFO ] Train F1: 0.6351
2024-06-02 20:43:57,233 [INFO ] Validation F1: 0.5647
2024-06-02 20:43:57,233 [INFO ] Test F1: 0.7597
2024-06-02 20:43:57,252 [INFO ] Train F1: 0.6343
2024-06-02 20:43:57,275 [INFO ] Validation F1: 0.5063
2024-06-02 20:43:57,275 [INFO ] Test F1: 0.7681
2024-06-02 20:43:57,294 [INFO ] Train F1: 0.6290
2024-06-02 20:43:57,318 [INFO ] Validation F1: 0.5316
2024-06-02 20:43:57,318 [INFO ] Test F1: 0.7111
2024-06-02 20:43:57,337 [INFO ] Train F1: 0.6372
2024-06-02 20:43:57,360 [INFO ] Validation F1: 0.5067
2024-06-02 20:43:57,360 [INFO ] Test F1: 0.7647
2024-06-02 20:43:57,379 [INFO ] Train F1: 0.6316
2024-06-02 20:43:57,403 [INFO ] Validation F1: 0.5610
2024-06-02 20:43:57,403 [INFO ] Test F1: 0.7761
2024-06-02 20:43:57,422 [INFO ] Train F1: 0.6500
2024-06-02 20:43:57,446 [INFO ] Validation F1: 0.5316
2024-06-02 20:43:57,446 [INFO ] Test F1: 0.7857
2024-06-02 20:43:57,466 [INFO ] Train F1: 0.6564
2024-06-02 20:43:57,489 [INFO ] Validation F1: 0.5385
2024-06-02 20:43:57,490 [INFO ] Test F1: 0.7402
2024-06-02 20:43:57,508 [INFO ] Train F1: 0.6641
2024-06-02 20:43:57,531 [INFO ] Validation F1: 0.5432
2024-06-02 20:43:57,532 [INFO ] Test F1: 0.7536
2024-06-02 20:43:57,551 [INFO ] Train F1: 0.6420
2024-06-02 20:43:57,574 [INFO ] Validation F1: 0.4557
2024-06-02 20:43:57,574 [INFO ] Test F1: 0.8000
2024-06-02 20:43:57,593 [INFO ] Train F1: 0.6424
2024-06-02 20:43:57,616 [INFO ] Validation F1: 0.5500
2024-06-02 20:43:57,616 [INFO ] Test F1: 0.7704
2024-06-02 20:43:57,634 [INFO ] Train F1: 0.6085
2024-06-02 20:43:57,657 [INFO ] Validation F1: 0.5476
2024-06-02 20:43:57,657 [INFO ] Test F1: 0.7287
2024-06-02 20:43:57,675 [INFO ] Train F1: 0.6549
2024-06-02 20:43:57,698 [INFO ] Validation F1: 0.4533
2024-06-02 20:43:57,698 [INFO ] Test F1: 0.7481
2024-06-02 20:43:57,716 [INFO ] Train F1: 0.6693
2024-06-02 20:43:57,738 [INFO ] Validation F1: 0.5135
2024-06-02 20:43:57,738 [INFO ] Test F1: 0.7121
2024-06-02 20:43:57,756 [INFO ] Train F1: 0.6627
2024-06-02 20:43:57,779 [INFO ] Validation F1: 0.4416
2024-06-02 20:43:57,779 [INFO ] Test F1: 0.7482
2024-06-02 20:43:57,798 [INFO ] Train F1: 0.6811
2024-06-02 20:43:57,819 [INFO ] Validation F1: 0.5063
2024-06-02 20:43:57,819 [INFO ] Test F1: 0.7914
2024-06-02 20:43:57,838 [INFO ] Train F1: 0.6917
2024-06-02 20:43:57,861 [INFO ] Validation F1: 0.4211
2024-06-02 20:43:57,861 [INFO ] Test F1: 0.6977
2024-06-02 20:43:57,880 [INFO ] Train F1: 0.6790
2024-06-02 20:43:57,903 [INFO ] Validation F1: 0.5000
2024-06-02 20:43:57,903 [INFO ] Test F1: 0.7353
2024-06-02 20:43:57,921 [INFO ] Train F1: 0.6786
2024-06-02 20:43:57,944 [INFO ] Validation F1: 0.4737
2024-06-02 20:43:57,944 [INFO ] Test F1: 0.7424
2024-06-02 20:43:57,962 [INFO ] Train F1: 0.6770
2024-06-02 20:43:57,999 [INFO ] Validation F1: 0.4444
2024-06-02 20:43:57,999 [INFO ] Test F1: 0.6935
2024-06-02 20:43:58,034 [INFO ] Train F1: 0.6817
2024-06-02 20:43:58,079 [INFO ] Validation F1: 0.4384
2024-06-02 20:43:58,079 [INFO ] Test F1: 0.7519
2024-06-02 20:43:58,111 [INFO ] Train F1: 0.6978
2024-06-02 20:43:58,155 [INFO ] Validation F1: 0.4058
2024-06-02 20:43:58,156 [INFO ] Test F1: 0.7328
2024-06-02 20:43:58,187 [INFO ] Train F1: 0.6838
2024-06-02 20:43:58,231 [INFO ] Validation F1: 0.4800
2024-06-02 20:43:58,231 [INFO ] Test F1: 0.7164
2024-06-02 20:43:58,262 [INFO ] Train F1: 0.6962
2024-06-02 20:43:58,307 [INFO ] Validation F1: 0.4533
2024-06-02 20:43:58,307 [INFO ] Test F1: 0.7460
2024-06-02 20:43:58,338 [INFO ] Train F1: 0.7220
2024-06-02 20:43:58,382 [INFO ] Validation F1: 0.4722
2024-06-02 20:43:58,382 [INFO ] Test F1: 0.7132
2024-06-02 20:43:58,414 [INFO ] Train F1: 0.6996
2024-06-02 20:43:58,459 [INFO ] Validation F1: 0.4800
2024-06-02 20:43:58,459 [INFO ] Test F1: 0.7031
2024-06-02 20:43:58,491 [INFO ] Train F1: 0.7047
2024-06-02 20:43:58,529 [INFO ] Validation F1: 0.4789
2024-06-02 20:43:58,530 [INFO ] Test F1: 0.6822
2024-06-02 20:43:58,559 [INFO ] Train F1: 0.6898
2024-06-02 20:43:58,603 [INFO ] Validation F1: 0.4384
2024-06-02 20:43:58,604 [INFO ] Test F1: 0.7368
2024-06-02 20:43:58,635 [INFO ] Train F1: 0.7090
2024-06-02 20:43:58,679 [INFO ] Validation F1: 0.4737
2024-06-02 20:43:58,680 [INFO ] Test F1: 0.6667
2024-06-02 20:43:58,711 [INFO ] Train F1: 0.6890
2024-06-02 20:43:58,755 [INFO ] Validation F1: 0.4507
2024-06-02 20:43:58,756 [INFO ] Test F1: 0.7287
2024-06-02 20:43:58,786 [INFO ] Train F1: 0.6994
2024-06-02 20:43:58,830 [INFO ] Validation F1: 0.4324
2024-06-02 20:43:58,831 [INFO ] Test F1: 0.6984
2024-06-02 20:43:58,862 [INFO ] Train F1: 0.7149
2024-06-02 20:43:58,907 [INFO ] Validation F1: 0.4267
2024-06-02 20:43:58,907 [INFO ] Test F1: 0.6880
2024-06-02 20:43:58,938 [INFO ] Train F1: 0.6946
2024-06-02 20:43:58,982 [INFO ] Validation F1: 0.4675
2024-06-02 20:43:58,982 [INFO ] Test F1: 0.6822
2024-06-02 20:43:59,014 [INFO ] Train F1: 0.6931
2024-06-02 20:43:59,059 [INFO ] Validation F1: 0.4658
2024-06-02 20:43:59,059 [INFO ] Test F1: 0.7360
2024-06-02 20:43:59,090 [INFO ] Train F1: 0.7134
2024-06-02 20:43:59,134 [INFO ] Validation F1: 0.5000
2024-06-02 20:43:59,134 [INFO ] Test F1: 0.6613
2024-06-02 20:43:59,165 [INFO ] Train F1: 0.7000
2024-06-02 20:43:59,209 [INFO ] Validation F1: 0.4810
2024-06-02 20:43:59,210 [INFO ] Test F1: 0.7031
2024-06-02 20:43:59,240 [INFO ] Train F1: 0.6986
2024-06-02 20:43:59,284 [INFO ] Validation F1: 0.4932
2024-06-02 20:43:59,285 [INFO ] Test F1: 0.7200
2024-06-02 20:43:59,316 [INFO ] Train F1: 0.6814
2024-06-02 20:43:59,361 [INFO ] Validation F1: 0.4444
2024-06-02 20:43:59,361 [INFO ] Test F1: 0.6281
2024-06-02 20:43:59,392 [INFO ] Train F1: 0.7085
2024-06-02 20:43:59,437 [INFO ] Validation F1: 0.4225
2024-06-02 20:43:59,437 [INFO ] Test F1: 0.6721
2024-06-02 20:43:59,469 [INFO ] Train F1: 0.7242
2024-06-02 20:43:59,513 [INFO ] Validation F1: 0.3824
2024-06-02 20:43:59,513 [INFO ] Test F1: 0.6400
2024-06-02 20:43:59,544 [INFO ] Train F1: 0.7205
2024-06-02 20:43:59,589 [INFO ] Validation F1: 0.4507
2024-06-02 20:43:59,589 [INFO ] Test F1: 0.7132
2024-06-02 20:43:59,621 [INFO ] Train F1: 0.6847
2024-06-02 20:43:59,665 [INFO ] Validation F1: 0.5067
2024-06-02 20:43:59,665 [INFO ] Test F1: 0.6769
2024-06-02 20:43:59,688 [INFO ] Train F1: 0.7026
2024-06-02 20:43:59,724 [INFO ] Validation F1: 0.4478
2024-06-02 20:43:59,724 [INFO ] Test F1: 0.6452
2024-06-02 20:43:59,755 [INFO ] Train F1: 0.7161
2024-06-02 20:43:59,800 [INFO ] Validation F1: 0.4444
2024-06-02 20:43:59,800 [INFO ] Test F1: 0.6829
2024-06-02 20:43:59,831 [INFO ] Train F1: 0.7406
2024-06-02 20:43:59,875 [INFO ] Validation F1: 0.4384
2024-06-02 20:43:59,876 [INFO ] Test F1: 0.6875
2024-06-02 20:43:59,907 [INFO ] Train F1: 0.7195
2024-06-02 20:43:59,952 [INFO ] Validation F1: 0.3944
2024-06-02 20:43:59,952 [INFO ] Test F1: 0.6720
2024-06-02 21:00:26,733 [INFO ] Random seed set as 1
2024-06-02 21:00:26,734 [INFO ] Retrieving data
2024-06-02 21:00:26,749 [INFO ] Available Edge Features: ['EdgeID', 'from_id', 'to_id', 'Timestamp', 'Amount Received', 'Received Currency', 'Payment Format', 'Is Laundering', 'Transaction Authorization Method', 'Transaction Fees', 'Destination Bank ID', 'Transaction Origin', 'Transaction Status']
2024-06-02 21:00:26,841 [INFO ] Illicit ratio = 325 / 7814 = 4.16%
2024-06-02 21:00:26,841 [INFO ] Number of nodes (holdings doing transcations) = 101
2024-06-02 21:00:26,841 [INFO ] Number of transactions = 7814
2024-06-02 21:00:26,841 [INFO ] Edge features being used: ['Timestamp', 'Amount Received', 'Received Currency', 'Payment Format', 'Transaction Authorization Method', 'Transaction Fees', 'Destination Bank ID', 'Destination Customer Name', 'Transaction Origin', 'Transaction Status']
2024-06-02 21:00:26,841 [INFO ] Node features being used: ['Feature'] ("Feature" is a placeholder feature of all 1s)
2024-06-02 21:00:48,511 [INFO ] Random seed set as 1
2024-06-02 21:00:48,511 [INFO ] Retrieving data
2024-06-02 21:00:48,526 [INFO ] Available Edge Features: ['EdgeID', 'from_id', 'to_id', 'Timestamp', 'Amount Received', 'Received Currency', 'Payment Format', 'Is Laundering', 'Transaction Authorization Method', 'Transaction Fees', 'Destination Bank ID', 'Transaction Origin', 'Transaction Status']
2024-06-02 21:00:48,616 [INFO ] Illicit ratio = 325 / 7814 = 4.16%
2024-06-02 21:00:48,616 [INFO ] Number of nodes (holdings doing transcations) = 101
2024-06-02 21:00:48,617 [INFO ] Number of transactions = 7814
2024-06-02 21:00:48,617 [INFO ] Edge features being used: ['Timestamp', 'Amount Received', 'Received Currency', 'Payment Format', 'Transaction Authorization Method', 'Transaction Fees', 'Destination Bank ID', 'Transaction Origin', 'Transaction Status']
2024-06-02 21:00:48,617 [INFO ] Node features being used: ['Feature'] ("Feature" is a placeholder feature of all 1s)
2024-06-02 21:00:48,623 [INFO ] number of days and transactions in the data: 187 days, 7814 transactions
2024-06-02 21:00:49,182 [INFO ] Calculate split: [[0, 1, 2, 3, 4, 5, 6, 7, 8, 9, 10, 11, 12, 13, 14, 15, 16, 17, 18, 19, 20, 21, 22, 23, 24, 25, 26, 27, 28, 29, 30, 31, 32, 33, 34, 35, 36, 37, 38, 39, 40, 41, 42, 43, 44, 45, 46, 47, 48, 49, 50, 51, 52, 53, 54, 55, 56, 57, 58, 59, 60, 61, 62, 63, 64, 65, 66, 67, 68, 69, 70, 71, 72, 73, 74, 75, 76, 77, 78, 79, 80, 81, 82, 83, 84, 85, 86, 87, 88, 89, 90, 91, 92, 93, 94, 95, 96, 97, 98, 99, 100, 101, 102, 103, 104, 105, 106, 107, 108, 109, 110, 111, 112, 113, 114, 115, 116, 117, 118, 119, 120, 121, 122], [123, 124, 125, 126, 127, 128, 129, 130, 131, 132, 133, 134, 135, 136, 137, 138, 139, 140, 141, 142, 143, 144, 145, 146, 147, 148, 149, 150], [151, 152, 153, 154, 155, 156, 157, 158, 159, 160, 161, 162, 163, 164, 165, 166, 167, 168, 169, 170, 171, 172, 173, 174, 175, 176, 177, 178, 179, 180, 181, 182, 183, 184, 185, 186]]
2024-06-02 21:00:49,183 [INFO ] Total train samples: 59.93% || IR: 3.99% || Train days: [0, 1, 2, 3, 4]
2024-06-02 21:00:49,183 [INFO ] Total val samples: 19.75% || IR: 3.43% || Val days: [123, 124, 125, 126, 127]
2024-06-02 21:00:49,184 [INFO ] Total test samples: 20.32% || IR: 5.35% || Test days: [151, 152, 153, 154, 155]
2024-06-02 21:00:49,191 [INFO ] train data object: GraphData(x=[101, 1], edge_index=[2, 4683], edge_attr=[4683, 9], y=[4683], readout='edge', loss_fn='ce', num_nodes=101, timestamps=[4683])
2024-06-02 21:00:49,191 [INFO ] validation data object: GraphData(x=[101, 1], edge_index=[2, 6226], edge_attr=[6226, 9], y=[6226], readout='edge', loss_fn='ce', num_nodes=101, timestamps=[6226])
2024-06-02 21:00:49,192 [INFO ] test data object: GraphData(x=[101, 1], edge_index=[2, 7814], edge_attr=[7814, 9], y=[7814], readout='edge', loss_fn='ce', num_nodes=101, timestamps=[7814])
2024-06-02 21:00:49,192 [INFO ] Retrieved data in 0.68s
2024-06-02 21:00:49,193 [INFO ] Running Training
2024-06-02 21:00:56,124 [INFO ] +---------------------------------+---------------------------------+----------------+----------+
| Layer                           | Input Shape                     | Output Shape   | #Param   |
|---------------------------------+---------------------------------+----------------+----------|
| PNA                             | [90, 1], [2, 2446], [2446, 9]   | [2446, 2]      | 29,017   |
| ├─(node_emb)Linear              | [90, 1]                         | [90, 20]       | 40       |
| ├─(edge_emb)Linear              | [2446, 9]                       | [2446, 20]     | 200      |
| ├─(convs)ModuleList             | --                              | --             | 24,320   |
| │    └─(0)PNAConv               | [90, 20], [2, 2446], [2446, 20] | [90, 20]       | 12,160   |
| │    └─(1)PNAConv               | [90, 20], [2, 2446], [2446, 20] | [90, 20]       | 12,160   |
| ├─(emlps)ModuleList             | --                              | --             | --       |
| ├─(batch_norms)ModuleList       | --                              | --             | 80       |
| │    └─(0)BatchNorm             | [90, 20]                        | [90, 20]       | 40       |
| │    │    └─(module)BatchNorm1d | [90, 20]                        | [90, 20]       | 40       |
| │    └─(1)BatchNorm             | [90, 20]                        | [90, 20]       | 40       |
| │    │    └─(module)BatchNorm1d | [90, 20]                        | [90, 20]       | 40       |
| ├─(mlp)Sequential               | [2446, 60]                      | [2446, 2]      | 4,377    |
| │    └─(0)Linear                | [2446, 60]                      | [2446, 50]     | 3,050    |
| │    └─(1)ReLU                  | [2446, 50]                      | [2446, 50]     | --       |
| │    └─(2)Dropout               | [2446, 50]                      | [2446, 50]     | --       |
| │    └─(3)Linear                | [2446, 50]                      | [2446, 25]     | 1,275    |
| │    └─(4)ReLU                  | [2446, 25]                      | [2446, 25]     | --       |
| │    └─(5)Dropout               | [2446, 25]                      | [2446, 25]     | --       |
| │    └─(6)Linear                | [2446, 25]                      | [2446, 2]      | 52       |
+---------------------------------+---------------------------------+----------------+----------+
2024-06-02 21:00:56,214 [INFO ] Train F1: 0.1508
2024-06-02 21:00:56,237 [INFO ] Validation F1: 0.1394
2024-06-02 21:00:56,237 [INFO ] Test F1: 0.1922
2024-06-02 21:00:56,256 [INFO ] Train F1: 0.1688
2024-06-02 21:00:56,280 [INFO ] Validation F1: 0.1152
2024-06-02 21:00:56,280 [INFO ] Test F1: 0.2244
2024-06-02 21:00:56,301 [INFO ] Train F1: 0.1801
2024-06-02 21:00:56,338 [INFO ] Validation F1: 0.1626
2024-06-02 21:00:56,338 [INFO ] Test F1: 0.2239
2024-06-02 21:00:56,357 [INFO ] Train F1: 0.2176
2024-06-02 21:00:56,380 [INFO ] Validation F1: 0.1458
2024-06-02 21:00:56,380 [INFO ] Test F1: 0.2400
2024-06-02 21:00:56,399 [INFO ] Train F1: 0.2591
2024-06-02 21:00:56,431 [INFO ] Validation F1: 0.1894
2024-06-02 21:00:56,431 [INFO ] Test F1: 0.3060
2024-06-02 21:00:56,463 [INFO ] Train F1: 0.2581
2024-06-02 21:00:56,508 [INFO ] Validation F1: 0.1728
2024-06-02 21:00:56,508 [INFO ] Test F1: 0.3629
2024-06-02 21:00:56,539 [INFO ] Train F1: 0.3119
2024-06-02 21:00:56,577 [INFO ] Validation F1: 0.2079
2024-06-02 21:00:56,577 [INFO ] Test F1: 0.3520
2024-06-02 21:00:56,596 [INFO ] Train F1: 0.3181
2024-06-02 21:00:56,638 [INFO ] Validation F1: 0.1957
2024-06-02 21:00:56,638 [INFO ] Test F1: 0.3394
2024-06-02 21:00:56,669 [INFO ] Train F1: 0.3391
2024-06-02 21:00:56,714 [INFO ] Validation F1: 0.2474
2024-06-02 21:00:56,714 [INFO ] Test F1: 0.4221
2024-06-02 21:00:56,746 [INFO ] Train F1: 0.3614
2024-06-02 21:00:56,791 [INFO ] Validation F1: 0.2781
2024-06-02 21:00:56,791 [INFO ] Test F1: 0.3800
2024-06-02 21:00:56,822 [INFO ] Train F1: 0.3648
2024-06-02 21:00:56,849 [INFO ] Validation F1: 0.2937
2024-06-02 21:00:56,849 [INFO ] Test F1: 0.4382
2024-06-02 21:00:56,867 [INFO ] Train F1: 0.3860
2024-06-02 21:00:56,890 [INFO ] Validation F1: 0.3467
2024-06-02 21:00:56,890 [INFO ] Test F1: 0.4311
2024-06-02 21:00:56,910 [INFO ] Train F1: 0.4331
2024-06-02 21:00:56,932 [INFO ] Validation F1: 0.3577
2024-06-02 21:00:56,932 [INFO ] Test F1: 0.4472
2024-06-02 21:00:56,952 [INFO ] Train F1: 0.3791
2024-06-02 21:00:56,994 [INFO ] Validation F1: 0.4186
2024-06-02 21:00:56,994 [INFO ] Test F1: 0.4744
2024-06-02 21:00:57,026 [INFO ] Train F1: 0.4362
2024-06-02 21:00:57,070 [INFO ] Validation F1: 0.4324
2024-06-02 21:00:57,071 [INFO ] Test F1: 0.5128
2024-06-02 21:00:57,103 [INFO ] Train F1: 0.4531
2024-06-02 21:00:57,146 [INFO ] Validation F1: 0.4870
2024-06-02 21:00:57,146 [INFO ] Test F1: 0.5605
2024-06-02 21:00:57,169 [INFO ] Train F1: 0.4560
2024-06-02 21:00:57,193 [INFO ] Validation F1: 0.4956
2024-06-02 21:00:57,193 [INFO ] Test F1: 0.4818
2024-06-02 21:00:57,212 [INFO ] Train F1: 0.4641
2024-06-02 21:00:57,235 [INFO ] Validation F1: 0.4655
2024-06-02 21:00:57,235 [INFO ] Test F1: 0.5734
2024-06-02 21:00:57,265 [INFO ] Train F1: 0.4738
2024-06-02 21:00:57,310 [INFO ] Validation F1: 0.4906
2024-06-02 21:00:57,310 [INFO ] Test F1: 0.4898
2024-06-02 21:00:57,332 [INFO ] Train F1: 0.4715
2024-06-02 21:00:57,355 [INFO ] Validation F1: 0.4074
2024-06-02 21:00:57,356 [INFO ] Test F1: 0.5429
2024-06-02 21:00:57,374 [INFO ] Train F1: 0.4839
2024-06-02 21:00:57,396 [INFO ] Validation F1: 0.5545
2024-06-02 21:00:57,397 [INFO ] Test F1: 0.5986
2024-06-02 21:00:57,415 [INFO ] Train F1: 0.4763
2024-06-02 21:00:57,439 [INFO ] Validation F1: 0.4906
2024-06-02 21:00:57,439 [INFO ] Test F1: 0.5753
2024-06-02 21:00:57,463 [INFO ] Train F1: 0.4849
2024-06-02 21:00:57,485 [INFO ] Validation F1: 0.5437
2024-06-02 21:00:57,486 [INFO ] Test F1: 0.5755
2024-06-02 21:00:57,508 [INFO ] Train F1: 0.5120
2024-06-02 21:00:57,539 [INFO ] Validation F1: 0.5000
2024-06-02 21:00:57,540 [INFO ] Test F1: 0.6277
2024-06-02 21:00:57,576 [INFO ] Train F1: 0.5237
2024-06-02 21:00:57,620 [INFO ] Validation F1: 0.5283
2024-06-02 21:00:57,620 [INFO ] Test F1: 0.5532
2024-06-02 21:00:57,655 [INFO ] Train F1: 0.5097
2024-06-02 21:00:57,699 [INFO ] Validation F1: 0.5102
2024-06-02 21:00:57,699 [INFO ] Test F1: 0.5306
2024-06-02 21:00:57,730 [INFO ] Train F1: 0.5367
2024-06-02 21:00:57,775 [INFO ] Validation F1: 0.5000
2024-06-02 21:00:57,775 [INFO ] Test F1: 0.5753
2024-06-02 21:00:57,806 [INFO ] Train F1: 0.5279
2024-06-02 21:00:57,850 [INFO ] Validation F1: 0.5505
2024-06-02 21:00:57,850 [INFO ] Test F1: 0.5600
2024-06-02 21:00:57,881 [INFO ] Train F1: 0.5311
2024-06-02 21:00:57,926 [INFO ] Validation F1: 0.5472
2024-06-02 21:00:57,926 [INFO ] Test F1: 0.5714
2024-06-02 21:00:57,962 [INFO ] Train F1: 0.5340
2024-06-02 21:00:58,006 [INFO ] Validation F1: 0.5510
2024-06-02 21:00:58,006 [INFO ] Test F1: 0.5571
2024-06-02 21:00:58,037 [INFO ] Train F1: 0.5399
2024-06-02 21:00:58,081 [INFO ] Validation F1: 0.5833
2024-06-02 21:00:58,082 [INFO ] Test F1: 0.6087
2024-06-02 21:00:58,113 [INFO ] Train F1: 0.5392
2024-06-02 21:00:58,157 [INFO ] Validation F1: 0.6337
2024-06-02 21:00:58,158 [INFO ] Test F1: 0.6525
2024-06-02 21:00:58,189 [INFO ] Train F1: 0.5640
2024-06-02 21:00:58,233 [INFO ] Validation F1: 0.6000
2024-06-02 21:00:58,233 [INFO ] Test F1: 0.6164
2024-06-02 21:00:58,265 [INFO ] Train F1: 0.5760
2024-06-02 21:00:58,310 [INFO ] Validation F1: 0.5000
2024-06-02 21:00:58,310 [INFO ] Test F1: 0.6107
2024-06-02 21:00:58,341 [INFO ] Train F1: 0.5596
2024-06-02 21:00:58,387 [INFO ] Validation F1: 0.6735
2024-06-02 21:00:58,388 [INFO ] Test F1: 0.6232
2024-06-02 21:00:58,419 [INFO ] Train F1: 0.5694
2024-06-02 21:00:58,464 [INFO ] Validation F1: 0.6122
2024-06-02 21:00:58,464 [INFO ] Test F1: 0.5828
2024-06-02 21:00:58,495 [INFO ] Train F1: 0.5827
2024-06-02 21:00:58,539 [INFO ] Validation F1: 0.6000
2024-06-02 21:00:58,539 [INFO ] Test F1: 0.5778
2024-06-02 21:00:58,571 [INFO ] Train F1: 0.6011
2024-06-02 21:00:58,614 [INFO ] Validation F1: 0.6250
2024-06-02 21:00:58,615 [INFO ] Test F1: 0.6232
2024-06-02 21:00:58,646 [INFO ] Train F1: 0.6102
2024-06-02 21:00:58,690 [INFO ] Validation F1: 0.6170
2024-06-02 21:00:58,690 [INFO ] Test F1: 0.6761
2024-06-02 21:00:58,712 [INFO ] Train F1: 0.6058
2024-06-02 21:00:58,735 [INFO ] Validation F1: 0.5625
2024-06-02 21:00:58,736 [INFO ] Test F1: 0.6187
2024-06-02 21:00:58,755 [INFO ] Train F1: 0.6069
2024-06-02 21:00:58,778 [INFO ] Validation F1: 0.6596
2024-06-02 21:00:58,779 [INFO ] Test F1: 0.6667
2024-06-02 21:00:58,798 [INFO ] Train F1: 0.6113
2024-06-02 21:00:58,840 [INFO ] Validation F1: 0.6061
2024-06-02 21:00:58,840 [INFO ] Test F1: 0.6331
2024-06-02 21:00:58,871 [INFO ] Train F1: 0.6202
2024-06-02 21:00:58,902 [INFO ] Validation F1: 0.5591
2024-06-02 21:00:58,903 [INFO ] Test F1: 0.6040
2024-06-02 21:00:58,925 [INFO ] Train F1: 0.6160
2024-06-02 21:00:58,951 [INFO ] Validation F1: 0.6304
2024-06-02 21:00:58,951 [INFO ] Test F1: 0.6324
2024-06-02 21:00:58,974 [INFO ] Train F1: 0.6357
2024-06-02 21:00:59,001 [INFO ] Validation F1: 0.6316
2024-06-02 21:00:59,001 [INFO ] Test F1: 0.6277
2024-06-02 21:00:59,024 [INFO ] Train F1: 0.6312
2024-06-02 21:00:59,051 [INFO ] Validation F1: 0.6168
2024-06-02 21:00:59,051 [INFO ] Test F1: 0.6667
2024-06-02 21:00:59,074 [INFO ] Train F1: 0.6585
2024-06-02 21:00:59,102 [INFO ] Validation F1: 0.6667
2024-06-02 21:00:59,102 [INFO ] Test F1: 0.6232
2024-06-02 21:00:59,129 [INFO ] Train F1: 0.6667
2024-06-02 21:00:59,155 [INFO ] Validation F1: 0.6458
2024-06-02 21:00:59,155 [INFO ] Test F1: 0.6475
2024-06-02 21:00:59,178 [INFO ] Train F1: 0.6345
2024-06-02 21:00:59,206 [INFO ] Validation F1: 0.6444
2024-06-02 21:00:59,207 [INFO ] Test F1: 0.5821
2024-06-02 21:00:59,231 [INFO ] Train F1: 0.6707
2024-06-02 21:00:59,253 [INFO ] Validation F1: 0.6392
2024-06-02 21:00:59,253 [INFO ] Test F1: 0.6667
2024-06-02 21:00:59,271 [INFO ] Train F1: 0.6694
2024-06-02 21:00:59,294 [INFO ] Validation F1: 0.6939
2024-06-02 21:00:59,294 [INFO ] Test F1: 0.6202
2024-06-02 21:00:59,312 [INFO ] Train F1: 0.6971
2024-06-02 21:00:59,335 [INFO ] Validation F1: 0.6237
2024-06-02 21:00:59,335 [INFO ] Test F1: 0.6316
2024-06-02 21:00:59,354 [INFO ] Train F1: 0.7076
2024-06-02 21:00:59,377 [INFO ] Validation F1: 0.6957
2024-06-02 21:00:59,377 [INFO ] Test F1: 0.6364
2024-06-02 21:00:59,396 [INFO ] Train F1: 0.6964
2024-06-02 21:00:59,418 [INFO ] Validation F1: 0.6392
2024-06-02 21:00:59,418 [INFO ] Test F1: 0.6377
2024-06-02 21:00:59,437 [INFO ] Train F1: 0.7042
2024-06-02 21:00:59,460 [INFO ] Validation F1: 0.6250
2024-06-02 21:00:59,460 [INFO ] Test F1: 0.6471
2024-06-02 21:00:59,479 [INFO ] Train F1: 0.6823
2024-06-02 21:00:59,502 [INFO ] Validation F1: 0.7021
2024-06-02 21:00:59,502 [INFO ] Test F1: 0.6615
2024-06-02 21:00:59,522 [INFO ] Train F1: 0.7143
2024-06-02 21:00:59,546 [INFO ] Validation F1: 0.6800
2024-06-02 21:00:59,546 [INFO ] Test F1: 0.6107
2024-06-02 21:00:59,566 [INFO ] Train F1: 0.6889
2024-06-02 21:00:59,589 [INFO ] Validation F1: 0.6186
2024-06-02 21:00:59,590 [INFO ] Test F1: 0.7059
2024-06-02 21:00:59,608 [INFO ] Train F1: 0.7209
2024-06-02 21:00:59,631 [INFO ] Validation F1: 0.7033
2024-06-02 21:00:59,631 [INFO ] Test F1: 0.6512
2024-06-02 21:00:59,650 [INFO ] Train F1: 0.7137
2024-06-02 21:00:59,675 [INFO ] Validation F1: 0.7048
2024-06-02 21:00:59,675 [INFO ] Test F1: 0.6803
2024-06-02 21:00:59,694 [INFO ] Train F1: 0.7004
2024-06-02 21:00:59,717 [INFO ] Validation F1: 0.6444
2024-06-02 21:00:59,718 [INFO ] Test F1: 0.6308
2024-06-02 21:00:59,737 [INFO ] Train F1: 0.7284
2024-06-02 21:00:59,767 [INFO ] Validation F1: 0.7083
2024-06-02 21:00:59,767 [INFO ] Test F1: 0.6667
2024-06-02 21:00:59,798 [INFO ] Train F1: 0.7671
2024-06-02 21:00:59,842 [INFO ] Validation F1: 0.6809
2024-06-02 21:00:59,843 [INFO ] Test F1: 0.7183
2024-06-02 21:00:59,877 [INFO ] Train F1: 0.7417
2024-06-02 21:00:59,922 [INFO ] Validation F1: 0.7010
2024-06-02 21:00:59,923 [INFO ] Test F1: 0.6912
2024-06-02 21:00:59,958 [INFO ] Train F1: 0.7424
2024-06-02 21:01:00,002 [INFO ] Validation F1: 0.7723
2024-06-02 21:01:00,003 [INFO ] Test F1: 0.6846
2024-06-02 21:01:00,038 [INFO ] Train F1: 0.7311
2024-06-02 21:01:00,082 [INFO ] Validation F1: 0.6796
2024-06-02 21:01:00,083 [INFO ] Test F1: 0.7105
2024-06-02 21:01:00,119 [INFO ] Train F1: 0.7182
2024-06-02 21:01:00,164 [INFO ] Validation F1: 0.7000
2024-06-02 21:01:00,164 [INFO ] Test F1: 0.7483
2024-06-02 21:01:00,200 [INFO ] Train F1: 0.7646
2024-06-02 21:01:00,244 [INFO ] Validation F1: 0.7368
2024-06-02 21:01:00,245 [INFO ] Test F1: 0.7273
2024-06-02 21:01:00,282 [INFO ] Train F1: 0.7955
2024-06-02 21:01:00,325 [INFO ] Validation F1: 0.7708
2024-06-02 21:01:00,325 [INFO ] Test F1: 0.6980
2024-06-02 21:01:00,360 [INFO ] Train F1: 0.7848
2024-06-02 21:01:00,405 [INFO ] Validation F1: 0.7600
2024-06-02 21:01:00,405 [INFO ] Test F1: 0.7600
2024-06-02 21:01:00,440 [INFO ] Train F1: 0.7679
2024-06-02 21:01:00,485 [INFO ] Validation F1: 0.6596
2024-06-02 21:01:00,485 [INFO ] Test F1: 0.7671
2024-06-02 21:01:00,520 [INFO ] Train F1: 0.7617
2024-06-02 21:01:00,564 [INFO ] Validation F1: 0.7143
2024-06-02 21:01:00,565 [INFO ] Test F1: 0.7273
2024-06-02 21:01:00,601 [INFO ] Train F1: 0.7841
2024-06-02 21:01:00,647 [INFO ] Validation F1: 0.7253
2024-06-02 21:01:00,647 [INFO ] Test F1: 0.7465
2024-06-02 21:01:00,683 [INFO ] Train F1: 0.7963
2024-06-02 21:01:00,727 [INFO ] Validation F1: 0.7021
2024-06-02 21:01:00,727 [INFO ] Test F1: 0.7211
2024-06-02 21:01:00,762 [INFO ] Train F1: 0.7973
2024-06-02 21:01:00,807 [INFO ] Validation F1: 0.7174
2024-06-02 21:01:00,807 [INFO ] Test F1: 0.7755
2024-06-02 21:01:00,843 [INFO ] Train F1: 0.8073
2024-06-02 21:01:00,876 [INFO ] Validation F1: 0.7158
2024-06-02 21:01:00,876 [INFO ] Test F1: 0.7771
2024-06-02 21:01:00,912 [INFO ] Train F1: 0.7890
2024-06-02 21:01:00,957 [INFO ] Validation F1: 0.7021
2024-06-02 21:01:00,957 [INFO ] Test F1: 0.7632
2024-06-02 21:01:00,993 [INFO ] Train F1: 0.7788
2024-06-02 21:01:01,037 [INFO ] Validation F1: 0.6990
2024-06-02 21:01:01,037 [INFO ] Test F1: 0.7465
2024-06-02 21:01:01,073 [INFO ] Train F1: 0.8146
2024-06-02 21:01:01,117 [INFO ] Validation F1: 0.7158
2024-06-02 21:01:01,118 [INFO ] Test F1: 0.7632
2024-06-02 21:01:01,153 [INFO ] Train F1: 0.8063
2024-06-02 21:01:01,198 [INFO ] Validation F1: 0.7500
2024-06-02 21:01:01,198 [INFO ] Test F1: 0.8105
2024-06-02 21:01:01,235 [INFO ] Train F1: 0.8200
2024-06-02 21:01:01,273 [INFO ] Validation F1: 0.7312
2024-06-02 21:01:01,274 [INFO ] Test F1: 0.7712
2024-06-02 21:01:01,307 [INFO ] Train F1: 0.8219
2024-06-02 21:01:01,339 [INFO ] Validation F1: 0.6882
2024-06-02 21:01:01,339 [INFO ] Test F1: 0.8243
2024-06-02 21:01:01,367 [INFO ] Train F1: 0.8345
2024-06-02 21:01:01,391 [INFO ] Validation F1: 0.7789
2024-06-02 21:01:01,391 [INFO ] Test F1: 0.8333
2024-06-02 21:01:01,415 [INFO ] Train F1: 0.8169
2024-06-02 21:01:01,458 [INFO ] Validation F1: 0.7423
2024-06-02 21:01:01,459 [INFO ] Test F1: 0.8243
2024-06-02 21:01:01,494 [INFO ] Train F1: 0.8190
2024-06-02 21:01:01,539 [INFO ] Validation F1: 0.7368
2024-06-02 21:01:01,539 [INFO ] Test F1: 0.7838
2024-06-02 21:01:01,574 [INFO ] Train F1: 0.8518
2024-06-02 21:01:01,629 [INFO ] Validation F1: 0.7292
2024-06-02 21:01:01,629 [INFO ] Test F1: 0.7867
2024-06-02 21:01:01,661 [INFO ] Train F1: 0.8498
2024-06-02 21:01:01,688 [INFO ] Validation F1: 0.7917
2024-06-02 21:01:01,688 [INFO ] Test F1: 0.8101
2024-06-02 21:01:01,707 [INFO ] Train F1: 0.8438
2024-06-02 21:01:01,729 [INFO ] Validation F1: 0.7333
2024-06-02 21:01:01,729 [INFO ] Test F1: 0.8000
2024-06-02 21:01:01,748 [INFO ] Train F1: 0.8318
2024-06-02 21:01:01,771 [INFO ] Validation F1: 0.7921
2024-06-02 21:01:01,771 [INFO ] Test F1: 0.8000
2024-06-02 21:01:01,790 [INFO ] Train F1: 0.8276
2024-06-02 21:01:01,813 [INFO ] Validation F1: 0.7640
2024-06-02 21:01:01,813 [INFO ] Test F1: 0.8366
2024-06-02 21:01:01,837 [INFO ] Train F1: 0.8498
2024-06-02 21:01:01,860 [INFO ] Validation F1: 0.6957
2024-06-02 21:01:01,860 [INFO ] Test F1: 0.8642
2024-06-02 21:01:01,889 [INFO ] Train F1: 0.8424
2024-06-02 21:01:01,934 [INFO ] Validation F1: 0.7600
2024-06-02 21:01:01,935 [INFO ] Test F1: 0.8354
2024-06-02 21:01:01,966 [INFO ] Train F1: 0.8647
2024-06-02 21:01:02,010 [INFO ] Validation F1: 0.7500
2024-06-02 21:01:02,011 [INFO ] Test F1: 0.8272
2024-06-02 21:01:02,042 [INFO ] Train F1: 0.8088
2024-06-02 21:01:02,086 [INFO ] Validation F1: 0.7347
2024-06-02 21:01:02,087 [INFO ] Test F1: 0.8193
2024-06-02 21:01:02,118 [INFO ] Train F1: 0.8458
2024-06-02 21:01:02,163 [INFO ] Validation F1: 0.7333
2024-06-02 21:01:02,164 [INFO ] Test F1: 0.8608
2024-06-02 21:01:02,194 [INFO ] Train F1: 0.8720
2024-06-02 21:01:02,237 [INFO ] Validation F1: 0.8000
2024-06-02 21:01:02,238 [INFO ] Test F1: 0.8125
2024-06-02 21:01:02,269 [INFO ] Train F1: 0.8411
2024-06-02 21:01:02,313 [INFO ] Validation F1: 0.7379
2024-06-02 21:01:02,314 [INFO ] Test F1: 0.8302
2024-06-02 21:01:02,344 [INFO ] Train F1: 0.8565
2024-06-02 21:01:02,389 [INFO ] Validation F1: 0.7391
2024-06-02 21:01:02,389 [INFO ] Test F1: 0.8667
2024-06-02 21:01:02,421 [INFO ] Train F1: 0.8433
2024-06-02 21:01:02,466 [INFO ] Validation F1: 0.7600
2024-06-02 21:01:02,466 [INFO ] Test F1: 0.8571
2024-06-02 21:01:02,496 [INFO ] Train F1: 0.8406
2024-06-02 21:01:02,542 [INFO ] Validation F1: 0.7347
2024-06-02 21:01:02,542 [INFO ] Test F1: 0.8630
